-- Found ament_cmake: 1.3.12 (/opt/ros/humble/share/ament_cmake/cmake)
-- Override CMake install command with custom implementation using symlinks instead of copying resources
-- Found rclcpp: 16.0.15 (/opt/ros/humble/share/rclcpp/cmake)
-- Found rosidl_generator_c: 3.1.7 (/opt/ros/humble/share/rosidl_generator_c/cmake)
-- Found rosidl_adapter: 3.1.7 (/opt/ros/humble/share/rosidl_adapter/cmake)
-- Found rosidl_generator_cpp: 3.1.7 (/opt/ros/humble/share/rosidl_generator_cpp/cmake)
-- Using all available rosidl_typesupport_c: rosidl_typesupport_fastrtps_c;rosidl_typesupport_introspection_c
-- Using all available rosidl_typesupport_cpp: rosidl_typesupport_fastrtps_cpp;rosidl_typesupport_introspection_cpp
-- Found rmw_implementation_cmake: 6.1.2 (/opt/ros/humble/share/rmw_implementation_cmake/cmake)
-- Found rmw_fastrtps_cpp: 6.2.8 (/opt/ros/humble/share/rmw_fastrtps_cpp/cmake)
-- Using RMW implementation 'rmw_fastrtps_cpp' as default
-- Found cv_bridge: 3.2.1 (/opt/ros/humble/share/cv_bridge/cmake)
-- Found ament_lint_auto: 0.12.14 (/opt/ros/humble/share/ament_lint_auto/cmake)
-- Configuring done
-- Generating done
-- Build files have been written to: /home/leoxia/Code/XJTU-RMV-Task05/src/build/detect_and_solve
[35m[1mConsolidate compiler generated dependencies of target detect_and_solve[0m
[ 33%] [32mBuilding CXX object CMakeFiles/detect_and_solve.dir/src/node.cpp.o[0m
[ 66%] [32mBuilding CXX object CMakeFiles/detect_and_solve.dir/src/recognition.cpp.o[0m
[01m[K/home/leoxia/Code/XJTU-RMV-Task05/src/detect_and_solve/src/recognition.cpp:7:10:[m[K [01;31m[Kfatal error: [m[Krecognition.hpp: No such file or directory
    7 | #include [01;31m[K"recognition.hpp"[m[K
      |          [01;31m[K^~~~~~~~~~~~~~~~~[m[K
compilation terminated.
gmake[2]: *** [CMakeFiles/detect_and_solve.dir/build.make:90: CMakeFiles/detect_and_solve.dir/src/recognition.cpp.o] Error 1
gmake[2]: *** Waiting for unfinished jobs....
[01m[K/home/leoxia/Code/XJTU-RMV-Task05/src/detect_and_solve/src/node.cpp:12:10:[m[K [01;31m[Kfatal error: [m[Krecognition.hpp: No such file or directory
   12 | #include [01;31m[K"recognition.hpp"[m[K
      |          [01;31m[K^~~~~~~~~~~~~~~~~[m[K
compilation terminated.
gmake[2]: *** [CMakeFiles/detect_and_solve.dir/build.make:76: CMakeFiles/detect_and_solve.dir/src/node.cpp.o] Error 1
gmake[1]: *** [CMakeFiles/Makefile2:137: CMakeFiles/detect_and_solve.dir/all] Error 2
gmake: *** [Makefile:146: all] Error 2
